Arguments: 
  /home/yauhen/.nvm/versions/node/v7.0.0/bin/node /home/yauhen/.nvm/versions/node/v7.0.0/bin/yarn start:prod

PATH: 
  /home/yauhen/.nvm/versions/node/v7.0.0/bin:/home/yauhen/bin:/home/yauhen/.local/bin:/usr/local/sbin:/usr/local/bin:/usr/sbin:/usr/bin:/sbin:/bin:/usr/games:/usr/local/games:/snap/bin

Yarn version: 
  1.3.2

Node version: 
  7.0.0

Platform: 
  linux x64

npm manifest: 
  {
    "name": "crae-simple",
    "version": "1.0.0",
    "main": "index.js",
    "repository": {},
    "license": "MIT",
    "dependencies": {
      "concurrently": "^3.1.0",
      "yarn": "^1.3.2"
    },
    "scripts": {
      "install": "(cd client && yarn) && (cd server && yarn)",
      "start": "concurrently \"cd client && PORT=3000 yarn start\" \"cd server && PORT=3001 yarn start\""
      
      "start:prod": "cd server && yarn start:prod"
    }
  }

yarn manifest: 
  No manifest

Lockfile: 
  No lockfile

Trace: 
  SyntaxError: /home/yauhen/proj/package.json: Unexpected string in JSON at position 376
      at JSON.parse (<anonymous>)
      at /home/yauhen/.nvm/versions/node/v7.0.0/lib/node_modules/yarn/lib/cli.js:770:59
      at Generator.next (<anonymous>)
      at step (/home/yauhen/.nvm/versions/node/v7.0.0/lib/node_modules/yarn/lib/cli.js:92:30)
      at /home/yauhen/.nvm/versions/node/v7.0.0/lib/node_modules/yarn/lib/cli.js:103:13
