Arguments: 
  /home/yauhen/.nvm/versions/node/v7.0.0/bin/node /home/yauhen/.nvm/versions/node/v7.0.0/bin/yarn build

PATH: 
  /home/yauhen/.nvm/versions/node/v7.0.0/bin:/home/yauhen/bin:/home/yauhen/.local/bin:/usr/local/sbin:/usr/local/bin:/usr/sbin:/usr/bin:/sbin:/bin:/usr/games:/usr/local/games:/snap/bin

Yarn version: 
  1.3.2

Node version: 
  7.0.0

Platform: 
  linux x64

npm manifest: 
  {
    "name": "untitled",
    "version": "0.0.0",
    "private": true,
    
    "dependencies": {
      "body-parser": "~1.18.2",
      "cookie-parser": "~1.4.3",
      "debug": "~2.6.9",
      "express": "~4.15.5",
      "jade": "~1.11.0",
      "morgan": "~1.9.0",
      "serve-favicon": "~2.4.5",
      "cron": "^1.3.0",
      "bluebird":"^3.5.1",
      "mongoose": "^4.13.9",
      "request": "^2.83.0",
      "request-promise": "^4.2.2",
      "babel-cli": "^6.22.2",
      "babel-plugin-transform-runtime": "^6.22.0",
      "babel-preset-es2015": "^6.22.0",
      "babel-preset-stage-0": "^6.22.0"  
  
    },
      "devDependencies": {
      "babel-register": "^6.22.0",
      "nodemon": "^1.11.0"
    },
    "scripts": {
      "build": "babel . --ignore node_modules,build --out-dir build",
      "start": "start": "node ./bin/www",
      "start-prod": "node build/bin/www"
    }
  }

yarn manifest: 
  No manifest

Lockfile: 
  No lockfile

Trace: 
  SyntaxError: /home/yauhen/proj/server/package.json: Unexpected token : in JSON at position 761
      at JSON.parse (<anonymous>)
      at /home/yauhen/.nvm/versions/node/v7.0.0/lib/node_modules/yarn/lib/cli.js:770:59
      at Generator.next (<anonymous>)
      at step (/home/yauhen/.nvm/versions/node/v7.0.0/lib/node_modules/yarn/lib/cli.js:92:30)
      at /home/yauhen/.nvm/versions/node/v7.0.0/lib/node_modules/yarn/lib/cli.js:103:13
